The system is: Linux - 4.15.0-72-generic - i686
Compiling the C compiler identification source file "CMakeCCompilerId.c" succeeded.
Compiler: /usr/bin/cc 
Build flags: 
Id flags:  

The output was:
0


Compilation of the C compiler identification source "CMakeCCompilerId.c" produced "a.out"

The C compiler identification is GNU, found in "/home/michele/Documents/udacity_nanodegree/cpp/CppND-Memory-Management-Chatbot/build/CMakeFiles/3.15.5/CompilerIdC/a.out"

Compiling the CXX compiler identification source file "CMakeCXXCompilerId.cpp" succeeded.
Compiler: /usr/bin/c++ 
Build flags: 
Id flags:  

The output was:
0


Compilation of the CXX compiler identification source "CMakeCXXCompilerId.cpp" produced "a.out"

The CXX compiler identification is GNU, found in "/home/michele/Documents/udacity_nanodegree/cpp/CppND-Memory-Management-Chatbot/build/CMakeFiles/3.15.5/CompilerIdCXX/a.out"

Determining if the C compiler works passed with the following output:
Change Dir: /home/michele/Documents/udacity_nanodegree/cpp/CppND-Memory-Management-Chatbot/build/CMakeFiles/CMakeTmp

Run Build Command(s):/usr/bin/make cmTC_33c23/fast && make[1]: Entering directory '/home/michele/Documents/udacity_nanodegree/cpp/CppND-Memory-Management-Chatbot/build/CMakeFiles/CMakeTmp'
/usr/bin/make -f CMakeFiles/cmTC_33c23.dir/build.make CMakeFiles/cmTC_33c23.dir/build
make[2]: Entering directory '/home/michele/Documents/udacity_nanodegree/cpp/CppND-Memory-Management-Chatbot/build/CMakeFiles/CMakeTmp'
Building C object CMakeFiles/cmTC_33c23.dir/testCCompiler.c.o
/usr/bin/cc    -o CMakeFiles/cmTC_33c23.dir/testCCompiler.c.o   -c /home/michele/Documents/udacity_nanodegree/cpp/CppND-Memory-Management-Chatbot/build/CMakeFiles/CMakeTmp/testCCompiler.c
Linking C executable cmTC_33c23
/usr/local/bin/cmake -E cmake_link_script CMakeFiles/cmTC_33c23.dir/link.txt --verbose=1
/usr/bin/cc      CMakeFiles/cmTC_33c23.dir/testCCompiler.c.o  -o cmTC_33c23 
make[2]: Leaving directory '/home/michele/Documents/udacity_nanodegree/cpp/CppND-Memory-Management-Chatbot/build/CMakeFiles/CMakeTmp'
make[1]: Leaving directory '/home/michele/Documents/udacity_nanodegree/cpp/CppND-Memory-Management-Chatbot/build/CMakeFiles/CMakeTmp'



Detecting C compiler ABI info compiled with the following output:
Change Dir: /home/michele/Documents/udacity_nanodegree/cpp/CppND-Memory-Management-Chatbot/build/CMakeFiles/CMakeTmp

Run Build Command(s):/usr/bin/make cmTC_a8874/fast && make[1]: Entering directory '/home/michele/Documents/udacity_nanodegree/cpp/CppND-Memory-Management-Chatbot/build/CMakeFiles/CMakeTmp'
/usr/bin/make -f CMakeFiles/cmTC_a8874.dir/build.make CMakeFiles/cmTC_a8874.dir/build
make[2]: Entering directory '/home/michele/Documents/udacity_nanodegree/cpp/CppND-Memory-Management-Chatbot/build/CMakeFiles/CMakeTmp'
Building C object CMakeFiles/cmTC_a8874.dir/CMakeCCompilerABI.c.o
/usr/bin/cc   -v -o CMakeFiles/cmTC_a8874.dir/CMakeCCompilerABI.c.o   -c /usr/local/share/cmake-3.15/Modules/CMakeCCompilerABI.c
Using built-in specs.
COLLECT_GCC=/usr/bin/cc
Target: i686-linux-gnu
Configured with: ../src/configure -v --with-pkgversion='Ubuntu 7.4.0-1ubuntu1~16.04~ppa1' --with-bugurl=file:///usr/share/doc/gcc-7/README.Bugs --enable-languages=c,ada,c++,go,brig,d,fortran,objc,obj-c++ --prefix=/usr --with-gcc-major-version-only --program-suffix=-7 --program-prefix=i686-linux-gnu- --enable-shared --enable-linker-build-id --libexecdir=/usr/lib --without-included-gettext --enable-threads=posix --libdir=/usr/lib --enable-nls --with-sysroot=/ --enable-clocale=gnu --enable-libstdcxx-debug --enable-libstdcxx-time=yes --with-default-libstdcxx-abi=new --enable-gnu-unique-object --disable-vtable-verify --enable-libmpx --enable-plugin --with-system-zlib --with-target-system-zlib --enable-objc-gc=auto --enable-targets=all --enable-multiarch --disable-werror --with-arch-32=i686 --with-multilib-list=m32,m64,mx32 --enable-multilib --with-tune=generic --enable-checking=release --build=i686-linux-gnu --host=i686-linux-gnu --target=i686-linux-gnu
Thread model: posix
gcc version 7.4.0 (Ubuntu 7.4.0-1ubuntu1~16.04~ppa1) 
COLLECT_GCC_OPTIONS='-v' '-o' 'CMakeFiles/cmTC_a8874.dir/CMakeCCompilerABI.c.o' '-c' '-mtune=generic' '-march=i686'
 /usr/lib/gcc/i686-linux-gnu/7/cc1 -quiet -v -imultiarch i386-linux-gnu /usr/local/share/cmake-3.15/Modules/CMakeCCompilerABI.c -quiet -dumpbase CMakeCCompilerABI.c -mtune=generic -march=i686 -auxbase-strip CMakeFiles/cmTC_a8874.dir/CMakeCCompilerABI.c.o -version -fstack-protector-strong -Wformat -Wformat-security -o /tmp/ccfU2rS9.s
GNU C11 (Ubuntu 7.4.0-1ubuntu1~16.04~ppa1) version 7.4.0 (i686-linux-gnu)
	compiled by GNU C version 7.4.0, GMP version 6.1.0, MPFR version 3.1.4, MPC version 1.0.3, isl version isl-0.16.1-GMP

GGC heuristics: --param ggc-min-expand=100 --param ggc-min-heapsize=131072
ignoring nonexistent directory "/usr/local/include/i386-linux-gnu"
ignoring nonexistent directory "/usr/lib/gcc/i686-linux-gnu/7/../../../../i686-linux-gnu/include"
#include "..." search starts here:
#include <...> search starts here:
 /usr/lib/gcc/i686-linux-gnu/7/include
 /usr/local/include
 /usr/lib/gcc/i686-linux-gnu/7/include-fixed
 /usr/include/i386-linux-gnu
 /usr/include
End of search list.
GNU C11 (Ubuntu 7.4.0-1ubuntu1~16.04~ppa1) version 7.4.0 (i686-linux-gnu)
	compiled by GNU C version 7.4.0, GMP version 6.1.0, MPFR version 3.1.4, MPC version 1.0.3, isl version isl-0.16.1-GMP

GGC heuristics: --param ggc-min-expand=100 --param ggc-min-heapsize=131072
Compiler executable checksum: 8358748dabf34f13703f6bedc1f85c0e
COLLECT_GCC_OPTIONS='-v' '-o' 'CMakeFiles/cmTC_a8874.dir/CMakeCCompilerABI.c.o' '-c' '-mtune=generic' '-march=i686'
 as -v --32 -o CMakeFiles/cmTC_a8874.dir/CMakeCCompilerABI.c.o /tmp/ccfU2rS9.s
GNU assembler version 2.26.1 (i686-linux-gnu) using BFD version (GNU Binutils for Ubuntu) 2.26.1
COMPILER_PATH=/usr/lib/gcc/i686-linux-gnu/7/:/usr/lib/gcc/i686-linux-gnu/7/:/usr/lib/gcc/i686-linux-gnu/:/usr/lib/gcc/i686-linux-gnu/7/:/usr/lib/gcc/i686-linux-gnu/
LIBRARY_PATH=/usr/lib/gcc/i686-linux-gnu/7/:/usr/lib/gcc/i686-linux-gnu/7/../../../i386-linux-gnu/:/usr/lib/gcc/i686-linux-gnu/7/../../../../lib/:/lib/i386-linux-gnu/:/lib/../lib/:/usr/lib/i386-linux-gnu/:/usr/lib/../lib/:/usr/lib/gcc/i686-linux-gnu/7/../../../:/lib/:/usr/lib/
COLLECT_GCC_OPTIONS='-v' '-o' 'CMakeFiles/cmTC_a8874.dir/CMakeCCompilerABI.c.o' '-c' '-mtune=generic' '-march=i686'
Linking C executable cmTC_a8874
/usr/local/bin/cmake -E cmake_link_script CMakeFiles/cmTC_a8874.dir/link.txt --verbose=1
/usr/bin/cc     -v CMakeFiles/cmTC_a8874.dir/CMakeCCompilerABI.c.o  -o cmTC_a8874 
Using built-in specs.
COLLECT_GCC=/usr/bin/cc
COLLECT_LTO_WRAPPER=/usr/lib/gcc/i686-linux-gnu/7/lto-wrapper
Target: i686-linux-gnu
Configured with: ../src/configure -v --with-pkgversion='Ubuntu 7.4.0-1ubuntu1~16.04~ppa1' --with-bugurl=file:///usr/share/doc/gcc-7/README.Bugs --enable-languages=c,ada,c++,go,brig,d,fortran,objc,obj-c++ --prefix=/usr --with-gcc-major-version-only --program-suffix=-7 --program-prefix=i686-linux-gnu- --enable-shared --enable-linker-build-id --libexecdir=/usr/lib --without-included-gettext --enable-threads=posix --libdir=/usr/lib --enable-nls --with-sysroot=/ --enable-clocale=gnu --enable-libstdcxx-debug --enable-libstdcxx-time=yes --with-default-libstdcxx-abi=new --enable-gnu-unique-object --disable-vtable-verify --enable-libmpx --enable-plugin --with-system-zlib --with-target-system-zlib --enable-objc-gc=auto --enable-targets=all --enable-multiarch --disable-werror --with-arch-32=i686 --with-multilib-list=m32,m64,mx32 --enable-multilib --with-tune=generic --enable-checking=release --build=i686-linux-gnu --host=i686-linux-gnu --target=i686-linux-gnu
Thread model: posix
gcc version 7.4.0 (Ubuntu 7.4.0-1ubuntu1~16.04~ppa1) 
COMPILER_PATH=/usr/lib/gcc/i686-linux-gnu/7/:/usr/lib/gcc/i686-linux-gnu/7/:/usr/lib/gcc/i686-linux-gnu/:/usr/lib/gcc/i686-linux-gnu/7/:/usr/lib/gcc/i686-linux-gnu/
LIBRARY_PATH=/usr/lib/gcc/i686-linux-gnu/7/:/usr/lib/gcc/i686-linux-gnu/7/../../../i386-linux-gnu/:/usr/lib/gcc/i686-linux-gnu/7/../../../../lib/:/lib/i386-linux-gnu/:/lib/../lib/:/usr/lib/i386-linux-gnu/:/usr/lib/../lib/:/usr/lib/gcc/i686-linux-gnu/7/../../../:/lib/:/usr/lib/
COLLECT_GCC_OPTIONS='-v' '-o' 'cmTC_a8874' '-mtune=generic' '-march=i686'
 /usr/lib/gcc/i686-linux-gnu/7/collect2 -plugin /usr/lib/gcc/i686-linux-gnu/7/liblto_plugin.so -plugin-opt=/usr/lib/gcc/i686-linux-gnu/7/lto-wrapper -plugin-opt=-fresolution=/tmp/ccVL51R9.res -plugin-opt=-pass-through=-lgcc -plugin-opt=-pass-through=-lgcc_s -plugin-opt=-pass-through=-lc -plugin-opt=-pass-through=-lgcc -plugin-opt=-pass-through=-lgcc_s --sysroot=/ --build-id --eh-frame-hdr -m elf_i386 --hash-style=gnu --as-needed -dynamic-linker /lib/ld-linux.so.2 -z relro -o cmTC_a8874 /usr/lib/gcc/i686-linux-gnu/7/../../../i386-linux-gnu/crt1.o /usr/lib/gcc/i686-linux-gnu/7/../../../i386-linux-gnu/crti.o /usr/lib/gcc/i686-linux-gnu/7/crtbegin.o -L/usr/lib/gcc/i686-linux-gnu/7 -L/usr/lib/gcc/i686-linux-gnu/7/../../../i386-linux-gnu -L/usr/lib/gcc/i686-linux-gnu/7/../../../../lib -L/lib/i386-linux-gnu -L/lib/../lib -L/usr/lib/i386-linux-gnu -L/usr/lib/../lib -L/usr/lib/gcc/i686-linux-gnu/7/../../.. CMakeFiles/cmTC_a8874.dir/CMakeCCompilerABI.c.o -lgcc --push-state --as-needed -lgcc_s --pop-state -lc -lgcc --push-state --as-needed -lgcc_s --pop-state /usr/lib/gcc/i686-linux-gnu/7/crtend.o /usr/lib/gcc/i686-linux-gnu/7/../../../i386-linux-gnu/crtn.o
COLLECT_GCC_OPTIONS='-v' '-o' 'cmTC_a8874' '-mtune=generic' '-march=i686'
make[2]: Leaving directory '/home/michele/Documents/udacity_nanodegree/cpp/CppND-Memory-Management-Chatbot/build/CMakeFiles/CMakeTmp'
make[1]: Leaving directory '/home/michele/Documents/udacity_nanodegree/cpp/CppND-Memory-Management-Chatbot/build/CMakeFiles/CMakeTmp'



Parsed C implicit include dir info from above output: rv=done
  found start of include info
  found start of implicit include info
    add: [/usr/lib/gcc/i686-linux-gnu/7/include]
    add: [/usr/local/include]
    add: [/usr/lib/gcc/i686-linux-gnu/7/include-fixed]
    add: [/usr/include/i386-linux-gnu]
    add: [/usr/include]
  end of search list found
  collapse include dir [/usr/lib/gcc/i686-linux-gnu/7/include] ==> [/usr/lib/gcc/i686-linux-gnu/7/include]
  collapse include dir [/usr/local/include] ==> [/usr/local/include]
  collapse include dir [/usr/lib/gcc/i686-linux-gnu/7/include-fixed] ==> [/usr/lib/gcc/i686-linux-gnu/7/include-fixed]
  collapse include dir [/usr/include/i386-linux-gnu] ==> [/usr/include/i386-linux-gnu]
  collapse include dir [/usr/include] ==> [/usr/include]
  implicit include dirs: [/usr/lib/gcc/i686-linux-gnu/7/include;/usr/local/include;/usr/lib/gcc/i686-linux-gnu/7/include-fixed;/usr/include/i386-linux-gnu;/usr/include]


Parsed C implicit link information from above output:
  link line regex: [^( *|.*[/\])(ld|CMAKE_LINK_STARTFILE-NOTFOUND|([^/\]+-)?ld|collect2)[^/\]*( |$)]
  ignore line: [Change Dir: /home/michele/Documents/udacity_nanodegree/cpp/CppND-Memory-Management-Chatbot/build/CMakeFiles/CMakeTmp]
  ignore line: []
  ignore line: [Run Build Command(s):/usr/bin/make cmTC_a8874/fast && make[1]: Entering directory '/home/michele/Documents/udacity_nanodegree/cpp/CppND-Memory-Management-Chatbot/build/CMakeFiles/CMakeTmp']
  ignore line: [/usr/bin/make -f CMakeFiles/cmTC_a8874.dir/build.make CMakeFiles/cmTC_a8874.dir/build]
  ignore line: [make[2]: Entering directory '/home/michele/Documents/udacity_nanodegree/cpp/CppND-Memory-Management-Chatbot/build/CMakeFiles/CMakeTmp']
  ignore line: [Building C object CMakeFiles/cmTC_a8874.dir/CMakeCCompilerABI.c.o]
  ignore line: [/usr/bin/cc   -v -o CMakeFiles/cmTC_a8874.dir/CMakeCCompilerABI.c.o   -c /usr/local/share/cmake-3.15/Modules/CMakeCCompilerABI.c]
  ignore line: [Using built-in specs.]
  ignore line: [COLLECT_GCC=/usr/bin/cc]
  ignore line: [Target: i686-linux-gnu]
  ignore line: [Configured with: ../src/configure -v --with-pkgversion='Ubuntu 7.4.0-1ubuntu1~16.04~ppa1' --with-bugurl=file:///usr/share/doc/gcc-7/README.Bugs --enable-languages=c,ada,c++,go,brig,d,fortran,objc,obj-c++ --prefix=/usr --with-gcc-major-version-only --program-suffix=-7 --program-prefix=i686-linux-gnu- --enable-shared --enable-linker-build-id --libexecdir=/usr/lib --without-included-gettext --enable-threads=posix --libdir=/usr/lib --enable-nls --with-sysroot=/ --enable-clocale=gnu --enable-libstdcxx-debug --enable-libstdcxx-time=yes --with-default-libstdcxx-abi=new --enable-gnu-unique-object --disable-vtable-verify --enable-libmpx --enable-plugin --with-system-zlib --with-target-system-zlib --enable-objc-gc=auto --enable-targets=all --enable-multiarch --disable-werror --with-arch-32=i686 --with-multilib-list=m32,m64,mx32 --enable-multilib --with-tune=generic --enable-checking=release --build=i686-linux-gnu --host=i686-linux-gnu --target=i686-linux-gnu]
  ignore line: [Thread model: posix]
  ignore line: [gcc version 7.4.0 (Ubuntu 7.4.0-1ubuntu1~16.04~ppa1) ]
  ignore line: [COLLECT_GCC_OPTIONS='-v' '-o' 'CMakeFiles/cmTC_a8874.dir/CMakeCCompilerABI.c.o' '-c' '-mtune=generic' '-march=i686']
  ignore line: [ /usr/lib/gcc/i686-linux-gnu/7/cc1 -quiet -v -imultiarch i386-linux-gnu /usr/local/share/cmake-3.15/Modules/CMakeCCompilerABI.c -quiet -dumpbase CMakeCCompilerABI.c -mtune=generic -march=i686 -auxbase-strip CMakeFiles/cmTC_a8874.dir/CMakeCCompilerABI.c.o -version -fstack-protector-strong -Wformat -Wformat-security -o /tmp/ccfU2rS9.s]
  ignore line: [GNU C11 (Ubuntu 7.4.0-1ubuntu1~16.04~ppa1) version 7.4.0 (i686-linux-gnu)]
  ignore line: [	compiled by GNU C version 7.4.0, GMP version 6.1.0, MPFR version 3.1.4, MPC version 1.0.3, isl version isl-0.16.1-GMP]
  ignore line: []
  ignore line: [GGC heuristics: --param ggc-min-expand=100 --param ggc-min-heapsize=131072]
  ignore line: [ignoring nonexistent directory "/usr/local/include/i386-linux-gnu"]
  ignore line: [ignoring nonexistent directory "/usr/lib/gcc/i686-linux-gnu/7/../../../../i686-linux-gnu/include"]
  ignore line: [#include "..." search starts here:]
  ignore line: [#include <...> search starts here:]
  ignore line: [ /usr/lib/gcc/i686-linux-gnu/7/include]
  ignore line: [ /usr/local/include]
  ignore line: [ /usr/lib/gcc/i686-linux-gnu/7/include-fixed]
  ignore line: [ /usr/include/i386-linux-gnu]
  ignore line: [ /usr/include]
  ignore line: [End of search list.]
  ignore line: [GNU C11 (Ubuntu 7.4.0-1ubuntu1~16.04~ppa1) version 7.4.0 (i686-linux-gnu)]
  ignore line: [	compiled by GNU C version 7.4.0, GMP version 6.1.0, MPFR version 3.1.4, MPC version 1.0.3, isl version isl-0.16.1-GMP]
  ignore line: []
  ignore line: [GGC heuristics: --param ggc-min-expand=100 --param ggc-min-heapsize=131072]
  ignore line: [Compiler executable checksum: 8358748dabf34f13703f6bedc1f85c0e]
  ignore line: [COLLECT_GCC_OPTIONS='-v' '-o' 'CMakeFiles/cmTC_a8874.dir/CMakeCCompilerABI.c.o' '-c' '-mtune=generic' '-march=i686']
  ignore line: [ as -v --32 -o CMakeFiles/cmTC_a8874.dir/CMakeCCompilerABI.c.o /tmp/ccfU2rS9.s]
  ignore line: [GNU assembler version 2.26.1 (i686-linux-gnu) using BFD version (GNU Binutils for Ubuntu) 2.26.1]
  ignore line: [COMPILER_PATH=/usr/lib/gcc/i686-linux-gnu/7/:/usr/lib/gcc/i686-linux-gnu/7/:/usr/lib/gcc/i686-linux-gnu/:/usr/lib/gcc/i686-linux-gnu/7/:/usr/lib/gcc/i686-linux-gnu/]
  ignore line: [LIBRARY_PATH=/usr/lib/gcc/i686-linux-gnu/7/:/usr/lib/gcc/i686-linux-gnu/7/../../../i386-linux-gnu/:/usr/lib/gcc/i686-linux-gnu/7/../../../../lib/:/lib/i386-linux-gnu/:/lib/../lib/:/usr/lib/i386-linux-gnu/:/usr/lib/../lib/:/usr/lib/gcc/i686-linux-gnu/7/../../../:/lib/:/usr/lib/]
  ignore line: [COLLECT_GCC_OPTIONS='-v' '-o' 'CMakeFiles/cmTC_a8874.dir/CMakeCCompilerABI.c.o' '-c' '-mtune=generic' '-march=i686']
  ignore line: [Linking C executable cmTC_a8874]
  ignore line: [/usr/local/bin/cmake -E cmake_link_script CMakeFiles/cmTC_a8874.dir/link.txt --verbose=1]
  ignore line: [/usr/bin/cc     -v CMakeFiles/cmTC_a8874.dir/CMakeCCompilerABI.c.o  -o cmTC_a8874 ]
  ignore line: [Using built-in specs.]
  ignore line: [COLLECT_GCC=/usr/bin/cc]
  ignore line: [COLLECT_LTO_WRAPPER=/usr/lib/gcc/i686-linux-gnu/7/lto-wrapper]
  ignore line: [Target: i686-linux-gnu]
  ignore line: [Configured with: ../src/configure -v --with-pkgversion='Ubuntu 7.4.0-1ubuntu1~16.04~ppa1' --with-bugurl=file:///usr/share/doc/gcc-7/README.Bugs --enable-languages=c,ada,c++,go,brig,d,fortran,objc,obj-c++ --prefix=/usr --with-gcc-major-version-only --program-suffix=-7 --program-prefix=i686-linux-gnu- --enable-shared --enable-linker-build-id --libexecdir=/usr/lib --without-included-gettext --enable-threads=posix --libdir=/usr/lib --enable-nls --with-sysroot=/ --enable-clocale=gnu --enable-libstdcxx-debug --enable-libstdcxx-time=yes --with-default-libstdcxx-abi=new --enable-gnu-unique-object --disable-vtable-verify --enable-libmpx --enable-plugin --with-system-zlib --with-target-system-zlib --enable-objc-gc=auto --enable-targets=all --enable-multiarch --disable-werror --with-arch-32=i686 --with-multilib-list=m32,m64,mx32 --enable-multilib --with-tune=generic --enable-checking=release --build=i686-linux-gnu --host=i686-linux-gnu --target=i686-linux-gnu]
  ignore line: [Thread model: posix]
  ignore line: [gcc version 7.4.0 (Ubuntu 7.4.0-1ubuntu1~16.04~ppa1) ]
  ignore line: [COMPILER_PATH=/usr/lib/gcc/i686-linux-gnu/7/:/usr/lib/gcc/i686-linux-gnu/7/:/usr/lib/gcc/i686-linux-gnu/:/usr/lib/gcc/i686-linux-gnu/7/:/usr/lib/gcc/i686-linux-gnu/]
  ignore line: [LIBRARY_PATH=/usr/lib/gcc/i686-linux-gnu/7/:/usr/lib/gcc/i686-linux-gnu/7/../../../i386-linux-gnu/:/usr/lib/gcc/i686-linux-gnu/7/../../../../lib/:/lib/i386-linux-gnu/:/lib/../lib/:/usr/lib/i386-linux-gnu/:/usr/lib/../lib/:/usr/lib/gcc/i686-linux-gnu/7/../../../:/lib/:/usr/lib/]
  ignore line: [COLLECT_GCC_OPTIONS='-v' '-o' 'cmTC_a8874' '-mtune=generic' '-march=i686']
  link line: [ /usr/lib/gcc/i686-linux-gnu/7/collect2 -plugin /usr/lib/gcc/i686-linux-gnu/7/liblto_plugin.so -plugin-opt=/usr/lib/gcc/i686-linux-gnu/7/lto-wrapper -plugin-opt=-fresolution=/tmp/ccVL51R9.res -plugin-opt=-pass-through=-lgcc -plugin-opt=-pass-through=-lgcc_s -plugin-opt=-pass-through=-lc -plugin-opt=-pass-through=-lgcc -plugin-opt=-pass-through=-lgcc_s --sysroot=/ --build-id --eh-frame-hdr -m elf_i386 --hash-style=gnu --as-needed -dynamic-linker /lib/ld-linux.so.2 -z relro -o cmTC_a8874 /usr/lib/gcc/i686-linux-gnu/7/../../../i386-linux-gnu/crt1.o /usr/lib/gcc/i686-linux-gnu/7/../../../i386-linux-gnu/crti.o /usr/lib/gcc/i686-linux-gnu/7/crtbegin.o -L/usr/lib/gcc/i686-linux-gnu/7 -L/usr/lib/gcc/i686-linux-gnu/7/../../../i386-linux-gnu -L/usr/lib/gcc/i686-linux-gnu/7/../../../../lib -L/lib/i386-linux-gnu -L/lib/../lib -L/usr/lib/i386-linux-gnu -L/usr/lib/../lib -L/usr/lib/gcc/i686-linux-gnu/7/../../.. CMakeFiles/cmTC_a8874.dir/CMakeCCompilerABI.c.o -lgcc --push-state --as-needed -lgcc_s --pop-state -lc -lgcc --push-state --as-needed -lgcc_s --pop-state /usr/lib/gcc/i686-linux-gnu/7/crtend.o /usr/lib/gcc/i686-linux-gnu/7/../../../i386-linux-gnu/crtn.o]
    arg [/usr/lib/gcc/i686-linux-gnu/7/collect2] ==> ignore
    arg [-plugin] ==> ignore
    arg [/usr/lib/gcc/i686-linux-gnu/7/liblto_plugin.so] ==> ignore
    arg [-plugin-opt=/usr/lib/gcc/i686-linux-gnu/7/lto-wrapper] ==> ignore
    arg [-plugin-opt=-fresolution=/tmp/ccVL51R9.res] ==> ignore
    arg [-plugin-opt=-pass-through=-lgcc] ==> ignore
    arg [-plugin-opt=-pass-through=-lgcc_s] ==> ignore
    arg [-plugin-opt=-pass-through=-lc] ==> ignore
    arg [-plugin-opt=-pass-through=-lgcc] ==> ignore
    arg [-plugin-opt=-pass-through=-lgcc_s] ==> ignore
    arg [--sysroot=/] ==> ignore
    arg [--build-id] ==> ignore
    arg [--eh-frame-hdr] ==> ignore
    arg [-m] ==> ignore
    arg [elf_i386] ==> ignore
    arg [--hash-style=gnu] ==> ignore
    arg [--as-needed] ==> ignore
    arg [-dynamic-linker] ==> ignore
    arg [/lib/ld-linux.so.2] ==> ignore
    arg [-zrelro] ==> ignore
    arg [-o] ==> ignore
    arg [cmTC_a8874] ==> ignore
    arg [/usr/lib/gcc/i686-linux-gnu/7/../../../i386-linux-gnu/crt1.o] ==> ignore
    arg [/usr/lib/gcc/i686-linux-gnu/7/../../../i386-linux-gnu/crti.o] ==> ignore
    arg [/usr/lib/gcc/i686-linux-gnu/7/crtbegin.o] ==> ignore
    arg [-L/usr/lib/gcc/i686-linux-gnu/7] ==> dir [/usr/lib/gcc/i686-linux-gnu/7]
    arg [-L/usr/lib/gcc/i686-linux-gnu/7/../../../i386-linux-gnu] ==> dir [/usr/lib/gcc/i686-linux-gnu/7/../../../i386-linux-gnu]
    arg [-L/usr/lib/gcc/i686-linux-gnu/7/../../../../lib] ==> dir [/usr/lib/gcc/i686-linux-gnu/7/../../../../lib]
    arg [-L/lib/i386-linux-gnu] ==> dir [/lib/i386-linux-gnu]
    arg [-L/lib/../lib] ==> dir [/lib/../lib]
    arg [-L/usr/lib/i386-linux-gnu] ==> dir [/usr/lib/i386-linux-gnu]
    arg [-L/usr/lib/../lib] ==> dir [/usr/lib/../lib]
    arg [-L/usr/lib/gcc/i686-linux-gnu/7/../../..] ==> dir [/usr/lib/gcc/i686-linux-gnu/7/../../..]
    arg [CMakeFiles/cmTC_a8874.dir/CMakeCCompilerABI.c.o] ==> ignore
    arg [-lgcc] ==> lib [gcc]
    arg [--push-state] ==> ignore
    arg [--as-needed] ==> ignore
    arg [-lgcc_s] ==> lib [gcc_s]
    arg [--pop-state] ==> ignore
    arg [-lc] ==> lib [c]
    arg [-lgcc] ==> lib [gcc]
    arg [--push-state] ==> ignore
    arg [--as-needed] ==> ignore
    arg [-lgcc_s] ==> lib [gcc_s]
    arg [--pop-state] ==> ignore
    arg [/usr/lib/gcc/i686-linux-gnu/7/crtend.o] ==> ignore
    arg [/usr/lib/gcc/i686-linux-gnu/7/../../../i386-linux-gnu/crtn.o] ==> ignore
  collapse library dir [/usr/lib/gcc/i686-linux-gnu/7] ==> [/usr/lib/gcc/i686-linux-gnu/7]
  collapse library dir [/usr/lib/gcc/i686-linux-gnu/7/../../../i386-linux-gnu] ==> [/usr/lib/i386-linux-gnu]
  collapse library dir [/usr/lib/gcc/i686-linux-gnu/7/../../../../lib] ==> [/usr/lib]
  collapse library dir [/lib/i386-linux-gnu] ==> [/lib/i386-linux-gnu]
  collapse library dir [/lib/../lib] ==> [/lib]
  collapse library dir [/usr/lib/i386-linux-gnu] ==> [/usr/lib/i386-linux-gnu]
  collapse library dir [/usr/lib/../lib] ==> [/usr/lib]
  collapse library dir [/usr/lib/gcc/i686-linux-gnu/7/../../..] ==> [/usr/lib]
  implicit libs: [gcc;gcc_s;c;gcc;gcc_s]
  implicit dirs: [/usr/lib/gcc/i686-linux-gnu/7;/usr/lib/i386-linux-gnu;/usr/lib;/lib/i386-linux-gnu;/lib]
  implicit fwks: []


Determining if the CXX compiler works passed with the following output:
Change Dir: /home/michele/Documents/udacity_nanodegree/cpp/CppND-Memory-Management-Chatbot/build/CMakeFiles/CMakeTmp

Run Build Command(s):/usr/bin/make cmTC_c480f/fast && make[1]: Entering directory '/home/michele/Documents/udacity_nanodegree/cpp/CppND-Memory-Management-Chatbot/build/CMakeFiles/CMakeTmp'
/usr/bin/make -f CMakeFiles/cmTC_c480f.dir/build.make CMakeFiles/cmTC_c480f.dir/build
make[2]: Entering directory '/home/michele/Documents/udacity_nanodegree/cpp/CppND-Memory-Management-Chatbot/build/CMakeFiles/CMakeTmp'
Building CXX object CMakeFiles/cmTC_c480f.dir/testCXXCompiler.cxx.o
/usr/bin/c++    -std=gnu++1z -o CMakeFiles/cmTC_c480f.dir/testCXXCompiler.cxx.o -c /home/michele/Documents/udacity_nanodegree/cpp/CppND-Memory-Management-Chatbot/build/CMakeFiles/CMakeTmp/testCXXCompiler.cxx
Linking CXX executable cmTC_c480f
/usr/local/bin/cmake -E cmake_link_script CMakeFiles/cmTC_c480f.dir/link.txt --verbose=1
/usr/bin/c++       CMakeFiles/cmTC_c480f.dir/testCXXCompiler.cxx.o  -o cmTC_c480f 
make[2]: Leaving directory '/home/michele/Documents/udacity_nanodegree/cpp/CppND-Memory-Management-Chatbot/build/CMakeFiles/CMakeTmp'
make[1]: Leaving directory '/home/michele/Documents/udacity_nanodegree/cpp/CppND-Memory-Management-Chatbot/build/CMakeFiles/CMakeTmp'



Detecting CXX compiler ABI info compiled with the following output:
Change Dir: /home/michele/Documents/udacity_nanodegree/cpp/CppND-Memory-Management-Chatbot/build/CMakeFiles/CMakeTmp

Run Build Command(s):/usr/bin/make cmTC_c78a7/fast && make[1]: Entering directory '/home/michele/Documents/udacity_nanodegree/cpp/CppND-Memory-Management-Chatbot/build/CMakeFiles/CMakeTmp'
/usr/bin/make -f CMakeFiles/cmTC_c78a7.dir/build.make CMakeFiles/cmTC_c78a7.dir/build
make[2]: Entering directory '/home/michele/Documents/udacity_nanodegree/cpp/CppND-Memory-Management-Chatbot/build/CMakeFiles/CMakeTmp'
Building CXX object CMakeFiles/cmTC_c78a7.dir/CMakeCXXCompilerABI.cpp.o
/usr/bin/c++    -v -std=gnu++1z -o CMakeFiles/cmTC_c78a7.dir/CMakeCXXCompilerABI.cpp.o -c /usr/local/share/cmake-3.15/Modules/CMakeCXXCompilerABI.cpp
Using built-in specs.
COLLECT_GCC=/usr/bin/c++
Target: i686-linux-gnu
Configured with: ../src/configure -v --with-pkgversion='Ubuntu 7.4.0-1ubuntu1~16.04~ppa1' --with-bugurl=file:///usr/share/doc/gcc-7/README.Bugs --enable-languages=c,ada,c++,go,brig,d,fortran,objc,obj-c++ --prefix=/usr --with-gcc-major-version-only --program-suffix=-7 --program-prefix=i686-linux-gnu- --enable-shared --enable-linker-build-id --libexecdir=/usr/lib --without-included-gettext --enable-threads=posix --libdir=/usr/lib --enable-nls --with-sysroot=/ --enable-clocale=gnu --enable-libstdcxx-debug --enable-libstdcxx-time=yes --with-default-libstdcxx-abi=new --enable-gnu-unique-object --disable-vtable-verify --enable-libmpx --enable-plugin --with-system-zlib --with-target-system-zlib --enable-objc-gc=auto --enable-targets=all --enable-multiarch --disable-werror --with-arch-32=i686 --with-multilib-list=m32,m64,mx32 --enable-multilib --with-tune=generic --enable-checking=release --build=i686-linux-gnu --host=i686-linux-gnu --target=i686-linux-gnu
Thread model: posix
gcc version 7.4.0 (Ubuntu 7.4.0-1ubuntu1~16.04~ppa1) 
COLLECT_GCC_OPTIONS='-v' '-std=gnu++1z' '-o' 'CMakeFiles/cmTC_c78a7.dir/CMakeCXXCompilerABI.cpp.o' '-c' '-shared-libgcc' '-mtune=generic' '-march=i686'
 /usr/lib/gcc/i686-linux-gnu/7/cc1plus -quiet -v -imultiarch i386-linux-gnu -D_GNU_SOURCE /usr/local/share/cmake-3.15/Modules/CMakeCXXCompilerABI.cpp -quiet -dumpbase CMakeCXXCompilerABI.cpp -mtune=generic -march=i686 -auxbase-strip CMakeFiles/cmTC_c78a7.dir/CMakeCXXCompilerABI.cpp.o -std=gnu++1z -version -fstack-protector-strong -Wformat -Wformat-security -o /tmp/ccGRMFlQ.s
GNU C++14 (Ubuntu 7.4.0-1ubuntu1~16.04~ppa1) version 7.4.0 (i686-linux-gnu)
	compiled by GNU C version 7.4.0, GMP version 6.1.0, MPFR version 3.1.4, MPC version 1.0.3, isl version isl-0.16.1-GMP

GGC heuristics: --param ggc-min-expand=100 --param ggc-min-heapsize=131072
ignoring duplicate directory "/usr/include/i386-linux-gnu/c++/7"
ignoring nonexistent directory "/usr/local/include/i386-linux-gnu"
ignoring nonexistent directory "/usr/lib/gcc/i686-linux-gnu/7/../../../../i686-linux-gnu/include"
#include "..." search starts here:
#include <...> search starts here:
 /usr/include/c++/7
 /usr/include/i386-linux-gnu/c++/7
 /usr/include/c++/7/backward
 /usr/lib/gcc/i686-linux-gnu/7/include
 /usr/local/include
 /usr/lib/gcc/i686-linux-gnu/7/include-fixed
 /usr/include/i386-linux-gnu
 /usr/include
End of search list.
GNU C++14 (Ubuntu 7.4.0-1ubuntu1~16.04~ppa1) version 7.4.0 (i686-linux-gnu)
	compiled by GNU C version 7.4.0, GMP version 6.1.0, MPFR version 3.1.4, MPC version 1.0.3, isl version isl-0.16.1-GMP

GGC heuristics: --param ggc-min-expand=100 --param ggc-min-heapsize=131072
Compiler executable checksum: 8469b0bc69ae5c5fe42a5e55dc05af6a
COLLECT_GCC_OPTIONS='-v' '-std=gnu++1z' '-o' 'CMakeFiles/cmTC_c78a7.dir/CMakeCXXCompilerABI.cpp.o' '-c' '-shared-libgcc' '-mtune=generic' '-march=i686'
 as -v --32 -o CMakeFiles/cmTC_c78a7.dir/CMakeCXXCompilerABI.cpp.o /tmp/ccGRMFlQ.s
GNU assembler version 2.26.1 (i686-linux-gnu) using BFD version (GNU Binutils for Ubuntu) 2.26.1
COMPILER_PATH=/usr/lib/gcc/i686-linux-gnu/7/:/usr/lib/gcc/i686-linux-gnu/7/:/usr/lib/gcc/i686-linux-gnu/:/usr/lib/gcc/i686-linux-gnu/7/:/usr/lib/gcc/i686-linux-gnu/
LIBRARY_PATH=/usr/lib/gcc/i686-linux-gnu/7/:/usr/lib/gcc/i686-linux-gnu/7/../../../i386-linux-gnu/:/usr/lib/gcc/i686-linux-gnu/7/../../../../lib/:/lib/i386-linux-gnu/:/lib/../lib/:/usr/lib/i386-linux-gnu/:/usr/lib/../lib/:/usr/lib/gcc/i686-linux-gnu/7/../../../:/lib/:/usr/lib/
COLLECT_GCC_OPTIONS='-v' '-std=gnu++1z' '-o' 'CMakeFiles/cmTC_c78a7.dir/CMakeCXXCompilerABI.cpp.o' '-c' '-shared-libgcc' '-mtune=generic' '-march=i686'
Linking CXX executable cmTC_c78a7
/usr/local/bin/cmake -E cmake_link_script CMakeFiles/cmTC_c78a7.dir/link.txt --verbose=1
/usr/bin/c++      -v CMakeFiles/cmTC_c78a7.dir/CMakeCXXCompilerABI.cpp.o  -o cmTC_c78a7 
Using built-in specs.
COLLECT_GCC=/usr/bin/c++
COLLECT_LTO_WRAPPER=/usr/lib/gcc/i686-linux-gnu/7/lto-wrapper
Target: i686-linux-gnu
Configured with: ../src/configure -v --with-pkgversion='Ubuntu 7.4.0-1ubuntu1~16.04~ppa1' --with-bugurl=file:///usr/share/doc/gcc-7/README.Bugs --enable-languages=c,ada,c++,go,brig,d,fortran,objc,obj-c++ --prefix=/usr --with-gcc-major-version-only --program-suffix=-7 --program-prefix=i686-linux-gnu- --enable-shared --enable-linker-build-id --libexecdir=/usr/lib --without-included-gettext --enable-threads=posix --libdir=/usr/lib --enable-nls --with-sysroot=/ --enable-clocale=gnu --enable-libstdcxx-debug --enable-libstdcxx-time=yes --with-default-libstdcxx-abi=new --enable-gnu-unique-object --disable-vtable-verify --enable-libmpx --enable-plugin --with-system-zlib --with-target-system-zlib --enable-objc-gc=auto --enable-targets=all --enable-multiarch --disable-werror --with-arch-32=i686 --with-multilib-list=m32,m64,mx32 --enable-multilib --with-tune=generic --enable-checking=release --build=i686-linux-gnu --host=i686-linux-gnu --target=i686-linux-gnu
Thread model: posix
gcc version 7.4.0 (Ubuntu 7.4.0-1ubuntu1~16.04~ppa1) 
COMPILER_PATH=/usr/lib/gcc/i686-linux-gnu/7/:/usr/lib/gcc/i686-linux-gnu/7/:/usr/lib/gcc/i686-linux-gnu/:/usr/lib/gcc/i686-linux-gnu/7/:/usr/lib/gcc/i686-linux-gnu/
LIBRARY_PATH=/usr/lib/gcc/i686-linux-gnu/7/:/usr/lib/gcc/i686-linux-gnu/7/../../../i386-linux-gnu/:/usr/lib/gcc/i686-linux-gnu/7/../../../../lib/:/lib/i386-linux-gnu/:/lib/../lib/:/usr/lib/i386-linux-gnu/:/usr/lib/../lib/:/usr/lib/gcc/i686-linux-gnu/7/../../../:/lib/:/usr/lib/
COLLECT_GCC_OPTIONS='-v' '-o' 'cmTC_c78a7' '-shared-libgcc' '-mtune=generic' '-march=i686'
 /usr/lib/gcc/i686-linux-gnu/7/collect2 -plugin /usr/lib/gcc/i686-linux-gnu/7/liblto_plugin.so -plugin-opt=/usr/lib/gcc/i686-linux-gnu/7/lto-wrapper -plugin-opt=-fresolution=/tmp/ccaxqNMT.res -plugin-opt=-pass-through=-lgcc_s -plugin-opt=-pass-through=-lgcc -plugin-opt=-pass-through=-lc -plugin-opt=-pass-through=-lgcc_s -plugin-opt=-pass-through=-lgcc --sysroot=/ --build-id --eh-frame-hdr -m elf_i386 --hash-style=gnu --as-needed -dynamic-linker /lib/ld-linux.so.2 -z relro -o cmTC_c78a7 /usr/lib/gcc/i686-linux-gnu/7/../../../i386-linux-gnu/crt1.o /usr/lib/gcc/i686-linux-gnu/7/../../../i386-linux-gnu/crti.o /usr/lib/gcc/i686-linux-gnu/7/crtbegin.o -L/usr/lib/gcc/i686-linux-gnu/7 -L/usr/lib/gcc/i686-linux-gnu/7/../../../i386-linux-gnu -L/usr/lib/gcc/i686-linux-gnu/7/../../../../lib -L/lib/i386-linux-gnu -L/lib/../lib -L/usr/lib/i386-linux-gnu -L/usr/lib/../lib -L/usr/lib/gcc/i686-linux-gnu/7/../../.. CMakeFiles/cmTC_c78a7.dir/CMakeCXXCompilerABI.cpp.o -lstdc++ -lm -lgcc_s -lgcc -lc -lgcc_s -lgcc /usr/lib/gcc/i686-linux-gnu/7/crtend.o /usr/lib/gcc/i686-linux-gnu/7/../../../i386-linux-gnu/crtn.o
COLLECT_GCC_OPTIONS='-v' '-o' 'cmTC_c78a7' '-shared-libgcc' '-mtune=generic' '-march=i686'
make[2]: Leaving directory '/home/michele/Documents/udacity_nanodegree/cpp/CppND-Memory-Management-Chatbot/build/CMakeFiles/CMakeTmp'
make[1]: Leaving directory '/home/michele/Documents/udacity_nanodegree/cpp/CppND-Memory-Management-Chatbot/build/CMakeFiles/CMakeTmp'



Parsed CXX implicit include dir info from above output: rv=done
  found start of include info
  found start of implicit include info
    add: [/usr/include/c++/7]
    add: [/usr/include/i386-linux-gnu/c++/7]
    add: [/usr/include/c++/7/backward]
    add: [/usr/lib/gcc/i686-linux-gnu/7/include]
    add: [/usr/local/include]
    add: [/usr/lib/gcc/i686-linux-gnu/7/include-fixed]
    add: [/usr/include/i386-linux-gnu]
    add: [/usr/include]
  end of search list found
  collapse include dir [/usr/include/c++/7] ==> [/usr/include/c++/7]
  collapse include dir [/usr/include/i386-linux-gnu/c++/7] ==> [/usr/include/i386-linux-gnu/c++/7]
  collapse include dir [/usr/include/c++/7/backward] ==> [/usr/include/c++/7/backward]
  collapse include dir [/usr/lib/gcc/i686-linux-gnu/7/include] ==> [/usr/lib/gcc/i686-linux-gnu/7/include]
  collapse include dir [/usr/local/include] ==> [/usr/local/include]
  collapse include dir [/usr/lib/gcc/i686-linux-gnu/7/include-fixed] ==> [/usr/lib/gcc/i686-linux-gnu/7/include-fixed]
  collapse include dir [/usr/include/i386-linux-gnu] ==> [/usr/include/i386-linux-gnu]
  collapse include dir [/usr/include] ==> [/usr/include]
  implicit include dirs: [/usr/include/c++/7;/usr/include/i386-linux-gnu/c++/7;/usr/include/c++/7/backward;/usr/lib/gcc/i686-linux-gnu/7/include;/usr/local/include;/usr/lib/gcc/i686-linux-gnu/7/include-fixed;/usr/include/i386-linux-gnu;/usr/include]


Parsed CXX implicit link information from above output:
  link line regex: [^( *|.*[/\])(ld|CMAKE_LINK_STARTFILE-NOTFOUND|([^/\]+-)?ld|collect2)[^/\]*( |$)]
  ignore line: [Change Dir: /home/michele/Documents/udacity_nanodegree/cpp/CppND-Memory-Management-Chatbot/build/CMakeFiles/CMakeTmp]
  ignore line: []
  ignore line: [Run Build Command(s):/usr/bin/make cmTC_c78a7/fast && make[1]: Entering directory '/home/michele/Documents/udacity_nanodegree/cpp/CppND-Memory-Management-Chatbot/build/CMakeFiles/CMakeTmp']
  ignore line: [/usr/bin/make -f CMakeFiles/cmTC_c78a7.dir/build.make CMakeFiles/cmTC_c78a7.dir/build]
  ignore line: [make[2]: Entering directory '/home/michele/Documents/udacity_nanodegree/cpp/CppND-Memory-Management-Chatbot/build/CMakeFiles/CMakeTmp']
  ignore line: [Building CXX object CMakeFiles/cmTC_c78a7.dir/CMakeCXXCompilerABI.cpp.o]
  ignore line: [/usr/bin/c++    -v -std=gnu++1z -o CMakeFiles/cmTC_c78a7.dir/CMakeCXXCompilerABI.cpp.o -c /usr/local/share/cmake-3.15/Modules/CMakeCXXCompilerABI.cpp]
  ignore line: [Using built-in specs.]
  ignore line: [COLLECT_GCC=/usr/bin/c++]
  ignore line: [Target: i686-linux-gnu]
  ignore line: [Configured with: ../src/configure -v --with-pkgversion='Ubuntu 7.4.0-1ubuntu1~16.04~ppa1' --with-bugurl=file:///usr/share/doc/gcc-7/README.Bugs --enable-languages=c,ada,c++,go,brig,d,fortran,objc,obj-c++ --prefix=/usr --with-gcc-major-version-only --program-suffix=-7 --program-prefix=i686-linux-gnu- --enable-shared --enable-linker-build-id --libexecdir=/usr/lib --without-included-gettext --enable-threads=posix --libdir=/usr/lib --enable-nls --with-sysroot=/ --enable-clocale=gnu --enable-libstdcxx-debug --enable-libstdcxx-time=yes --with-default-libstdcxx-abi=new --enable-gnu-unique-object --disable-vtable-verify --enable-libmpx --enable-plugin --with-system-zlib --with-target-system-zlib --enable-objc-gc=auto --enable-targets=all --enable-multiarch --disable-werror --with-arch-32=i686 --with-multilib-list=m32,m64,mx32 --enable-multilib --with-tune=generic --enable-checking=release --build=i686-linux-gnu --host=i686-linux-gnu --target=i686-linux-gnu]
  ignore line: [Thread model: posix]
  ignore line: [gcc version 7.4.0 (Ubuntu 7.4.0-1ubuntu1~16.04~ppa1) ]
  ignore line: [COLLECT_GCC_OPTIONS='-v' '-std=gnu++1z' '-o' 'CMakeFiles/cmTC_c78a7.dir/CMakeCXXCompilerABI.cpp.o' '-c' '-shared-libgcc' '-mtune=generic' '-march=i686']
  ignore line: [ /usr/lib/gcc/i686-linux-gnu/7/cc1plus -quiet -v -imultiarch i386-linux-gnu -D_GNU_SOURCE /usr/local/share/cmake-3.15/Modules/CMakeCXXCompilerABI.cpp -quiet -dumpbase CMakeCXXCompilerABI.cpp -mtune=generic -march=i686 -auxbase-strip CMakeFiles/cmTC_c78a7.dir/CMakeCXXCompilerABI.cpp.o -std=gnu++1z -version -fstack-protector-strong -Wformat -Wformat-security -o /tmp/ccGRMFlQ.s]
  ignore line: [GNU C++14 (Ubuntu 7.4.0-1ubuntu1~16.04~ppa1) version 7.4.0 (i686-linux-gnu)]
  ignore line: [	compiled by GNU C version 7.4.0, GMP version 6.1.0, MPFR version 3.1.4, MPC version 1.0.3, isl version isl-0.16.1-GMP]
  ignore line: []
  ignore line: [GGC heuristics: --param ggc-min-expand=100 --param ggc-min-heapsize=131072]
  ignore line: [ignoring duplicate directory "/usr/include/i386-linux-gnu/c++/7"]
  ignore line: [ignoring nonexistent directory "/usr/local/include/i386-linux-gnu"]
  ignore line: [ignoring nonexistent directory "/usr/lib/gcc/i686-linux-gnu/7/../../../../i686-linux-gnu/include"]
  ignore line: [#include "..." search starts here:]
  ignore line: [#include <...> search starts here:]
  ignore line: [ /usr/include/c++/7]
  ignore line: [ /usr/include/i386-linux-gnu/c++/7]
  ignore line: [ /usr/include/c++/7/backward]
  ignore line: [ /usr/lib/gcc/i686-linux-gnu/7/include]
  ignore line: [ /usr/local/include]
  ignore line: [ /usr/lib/gcc/i686-linux-gnu/7/include-fixed]
  ignore line: [ /usr/include/i386-linux-gnu]
  ignore line: [ /usr/include]
  ignore line: [End of search list.]
  ignore line: [GNU C++14 (Ubuntu 7.4.0-1ubuntu1~16.04~ppa1) version 7.4.0 (i686-linux-gnu)]
  ignore line: [	compiled by GNU C version 7.4.0, GMP version 6.1.0, MPFR version 3.1.4, MPC version 1.0.3, isl version isl-0.16.1-GMP]
  ignore line: []
  ignore line: [GGC heuristics: --param ggc-min-expand=100 --param ggc-min-heapsize=131072]
  ignore line: [Compiler executable checksum: 8469b0bc69ae5c5fe42a5e55dc05af6a]
  ignore line: [COLLECT_GCC_OPTIONS='-v' '-std=gnu++1z' '-o' 'CMakeFiles/cmTC_c78a7.dir/CMakeCXXCompilerABI.cpp.o' '-c' '-shared-libgcc' '-mtune=generic' '-march=i686']
  ignore line: [ as -v --32 -o CMakeFiles/cmTC_c78a7.dir/CMakeCXXCompilerABI.cpp.o /tmp/ccGRMFlQ.s]
  ignore line: [GNU assembler version 2.26.1 (i686-linux-gnu) using BFD version (GNU Binutils for Ubuntu) 2.26.1]
  ignore line: [COMPILER_PATH=/usr/lib/gcc/i686-linux-gnu/7/:/usr/lib/gcc/i686-linux-gnu/7/:/usr/lib/gcc/i686-linux-gnu/:/usr/lib/gcc/i686-linux-gnu/7/:/usr/lib/gcc/i686-linux-gnu/]
  ignore line: [LIBRARY_PATH=/usr/lib/gcc/i686-linux-gnu/7/:/usr/lib/gcc/i686-linux-gnu/7/../../../i386-linux-gnu/:/usr/lib/gcc/i686-linux-gnu/7/../../../../lib/:/lib/i386-linux-gnu/:/lib/../lib/:/usr/lib/i386-linux-gnu/:/usr/lib/../lib/:/usr/lib/gcc/i686-linux-gnu/7/../../../:/lib/:/usr/lib/]
  ignore line: [COLLECT_GCC_OPTIONS='-v' '-std=gnu++1z' '-o' 'CMakeFiles/cmTC_c78a7.dir/CMakeCXXCompilerABI.cpp.o' '-c' '-shared-libgcc' '-mtune=generic' '-march=i686']
  ignore line: [Linking CXX executable cmTC_c78a7]
  ignore line: [/usr/local/bin/cmake -E cmake_link_script CMakeFiles/cmTC_c78a7.dir/link.txt --verbose=1]
  ignore line: [/usr/bin/c++      -v CMakeFiles/cmTC_c78a7.dir/CMakeCXXCompilerABI.cpp.o  -o cmTC_c78a7 ]
  ignore line: [Using built-in specs.]
  ignore line: [COLLECT_GCC=/usr/bin/c++]
  ignore line: [COLLECT_LTO_WRAPPER=/usr/lib/gcc/i686-linux-gnu/7/lto-wrapper]
  ignore line: [Target: i686-linux-gnu]
  ignore line: [Configured with: ../src/configure -v --with-pkgversion='Ubuntu 7.4.0-1ubuntu1~16.04~ppa1' --with-bugurl=file:///usr/share/doc/gcc-7/README.Bugs --enable-languages=c,ada,c++,go,brig,d,fortran,objc,obj-c++ --prefix=/usr --with-gcc-major-version-only --program-suffix=-7 --program-prefix=i686-linux-gnu- --enable-shared --enable-linker-build-id --libexecdir=/usr/lib --without-included-gettext --enable-threads=posix --libdir=/usr/lib --enable-nls --with-sysroot=/ --enable-clocale=gnu --enable-libstdcxx-debug --enable-libstdcxx-time=yes --with-default-libstdcxx-abi=new --enable-gnu-unique-object --disable-vtable-verify --enable-libmpx --enable-plugin --with-system-zlib --with-target-system-zlib --enable-objc-gc=auto --enable-targets=all --enable-multiarch --disable-werror --with-arch-32=i686 --with-multilib-list=m32,m64,mx32 --enable-multilib --with-tune=generic --enable-checking=release --build=i686-linux-gnu --host=i686-linux-gnu --target=i686-linux-gnu]
  ignore line: [Thread model: posix]
  ignore line: [gcc version 7.4.0 (Ubuntu 7.4.0-1ubuntu1~16.04~ppa1) ]
  ignore line: [COMPILER_PATH=/usr/lib/gcc/i686-linux-gnu/7/:/usr/lib/gcc/i686-linux-gnu/7/:/usr/lib/gcc/i686-linux-gnu/:/usr/lib/gcc/i686-linux-gnu/7/:/usr/lib/gcc/i686-linux-gnu/]
  ignore line: [LIBRARY_PATH=/usr/lib/gcc/i686-linux-gnu/7/:/usr/lib/gcc/i686-linux-gnu/7/../../../i386-linux-gnu/:/usr/lib/gcc/i686-linux-gnu/7/../../../../lib/:/lib/i386-linux-gnu/:/lib/../lib/:/usr/lib/i386-linux-gnu/:/usr/lib/../lib/:/usr/lib/gcc/i686-linux-gnu/7/../../../:/lib/:/usr/lib/]
  ignore line: [COLLECT_GCC_OPTIONS='-v' '-o' 'cmTC_c78a7' '-shared-libgcc' '-mtune=generic' '-march=i686']
  link line: [ /usr/lib/gcc/i686-linux-gnu/7/collect2 -plugin /usr/lib/gcc/i686-linux-gnu/7/liblto_plugin.so -plugin-opt=/usr/lib/gcc/i686-linux-gnu/7/lto-wrapper -plugin-opt=-fresolution=/tmp/ccaxqNMT.res -plugin-opt=-pass-through=-lgcc_s -plugin-opt=-pass-through=-lgcc -plugin-opt=-pass-through=-lc -plugin-opt=-pass-through=-lgcc_s -plugin-opt=-pass-through=-lgcc --sysroot=/ --build-id --eh-frame-hdr -m elf_i386 --hash-style=gnu --as-needed -dynamic-linker /lib/ld-linux.so.2 -z relro -o cmTC_c78a7 /usr/lib/gcc/i686-linux-gnu/7/../../../i386-linux-gnu/crt1.o /usr/lib/gcc/i686-linux-gnu/7/../../../i386-linux-gnu/crti.o /usr/lib/gcc/i686-linux-gnu/7/crtbegin.o -L/usr/lib/gcc/i686-linux-gnu/7 -L/usr/lib/gcc/i686-linux-gnu/7/../../../i386-linux-gnu -L/usr/lib/gcc/i686-linux-gnu/7/../../../../lib -L/lib/i386-linux-gnu -L/lib/../lib -L/usr/lib/i386-linux-gnu -L/usr/lib/../lib -L/usr/lib/gcc/i686-linux-gnu/7/../../.. CMakeFiles/cmTC_c78a7.dir/CMakeCXXCompilerABI.cpp.o -lstdc++ -lm -lgcc_s -lgcc -lc -lgcc_s -lgcc /usr/lib/gcc/i686-linux-gnu/7/crtend.o /usr/lib/gcc/i686-linux-gnu/7/../../../i386-linux-gnu/crtn.o]
    arg [/usr/lib/gcc/i686-linux-gnu/7/collect2] ==> ignore
    arg [-plugin] ==> ignore
    arg [/usr/lib/gcc/i686-linux-gnu/7/liblto_plugin.so] ==> ignore
    arg [-plugin-opt=/usr/lib/gcc/i686-linux-gnu/7/lto-wrapper] ==> ignore
    arg [-plugin-opt=-fresolution=/tmp/ccaxqNMT.res] ==> ignore
    arg [-plugin-opt=-pass-through=-lgcc_s] ==> ignore
    arg [-plugin-opt=-pass-through=-lgcc] ==> ignore
    arg [-plugin-opt=-pass-through=-lc] ==> ignore
    arg [-plugin-opt=-pass-through=-lgcc_s] ==> ignore
    arg [-plugin-opt=-pass-through=-lgcc] ==> ignore
    arg [--sysroot=/] ==> ignore
    arg [--build-id] ==> ignore
    arg [--eh-frame-hdr] ==> ignore
    arg [-m] ==> ignore
    arg [elf_i386] ==> ignore
    arg [--hash-style=gnu] ==> ignore
    arg [--as-needed] ==> ignore
    arg [-dynamic-linker] ==> ignore
    arg [/lib/ld-linux.so.2] ==> ignore
    arg [-zrelro] ==> ignore
    arg [-o] ==> ignore
    arg [cmTC_c78a7] ==> ignore
    arg [/usr/lib/gcc/i686-linux-gnu/7/../../../i386-linux-gnu/crt1.o] ==> ignore
    arg [/usr/lib/gcc/i686-linux-gnu/7/../../../i386-linux-gnu/crti.o] ==> ignore
    arg [/usr/lib/gcc/i686-linux-gnu/7/crtbegin.o] ==> ignore
    arg [-L/usr/lib/gcc/i686-linux-gnu/7] ==> dir [/usr/lib/gcc/i686-linux-gnu/7]
    arg [-L/usr/lib/gcc/i686-linux-gnu/7/../../../i386-linux-gnu] ==> dir [/usr/lib/gcc/i686-linux-gnu/7/../../../i386-linux-gnu]
    arg [-L/usr/lib/gcc/i686-linux-gnu/7/../../../../lib] ==> dir [/usr/lib/gcc/i686-linux-gnu/7/../../../../lib]
    arg [-L/lib/i386-linux-gnu] ==> dir [/lib/i386-linux-gnu]
    arg [-L/lib/../lib] ==> dir [/lib/../lib]
    arg [-L/usr/lib/i386-linux-gnu] ==> dir [/usr/lib/i386-linux-gnu]
    arg [-L/usr/lib/../lib] ==> dir [/usr/lib/../lib]
    arg [-L/usr/lib/gcc/i686-linux-gnu/7/../../..] ==> dir [/usr/lib/gcc/i686-linux-gnu/7/../../..]
    arg [CMakeFiles/cmTC_c78a7.dir/CMakeCXXCompilerABI.cpp.o] ==> ignore
    arg [-lstdc++] ==> lib [stdc++]
    arg [-lm] ==> lib [m]
    arg [-lgcc_s] ==> lib [gcc_s]
    arg [-lgcc] ==> lib [gcc]
    arg [-lc] ==> lib [c]
    arg [-lgcc_s] ==> lib [gcc_s]
    arg [-lgcc] ==> lib [gcc]
    arg [/usr/lib/gcc/i686-linux-gnu/7/crtend.o] ==> ignore
    arg [/usr/lib/gcc/i686-linux-gnu/7/../../../i386-linux-gnu/crtn.o] ==> ignore
  collapse library dir [/usr/lib/gcc/i686-linux-gnu/7] ==> [/usr/lib/gcc/i686-linux-gnu/7]
  collapse library dir [/usr/lib/gcc/i686-linux-gnu/7/../../../i386-linux-gnu] ==> [/usr/lib/i386-linux-gnu]
  collapse library dir [/usr/lib/gcc/i686-linux-gnu/7/../../../../lib] ==> [/usr/lib]
  collapse library dir [/lib/i386-linux-gnu] ==> [/lib/i386-linux-gnu]
  collapse library dir [/lib/../lib] ==> [/lib]
  collapse library dir [/usr/lib/i386-linux-gnu] ==> [/usr/lib/i386-linux-gnu]
  collapse library dir [/usr/lib/../lib] ==> [/usr/lib]
  collapse library dir [/usr/lib/gcc/i686-linux-gnu/7/../../..] ==> [/usr/lib]
  implicit libs: [stdc++;m;gcc_s;gcc;c;gcc_s;gcc]
  implicit dirs: [/usr/lib/gcc/i686-linux-gnu/7;/usr/lib/i386-linux-gnu;/usr/lib;/lib/i386-linux-gnu;/lib]
  implicit fwks: []


